2026-03-28 23:14:38 | INFO | src.core.logging:setup_logger:103 - Логгер настроен
2026-03-28 23:14:47 | INFO | src.core.logging:setup_logger:103 - Логгер настроен
2026-03-28 23:14:52 | INFO | src.core.logging:setup_logger:103 - Логгер настроен
2026-03-28 23:15:14 | INFO | src.core.logging:setup_logger:103 - Логгер настроен
2026-03-28 23:18:19 | INFO | src.core.logging:setup_logger:103 - Логгер настроен
2026-03-28 23:18:36 | INFO | src.core.logging:setup_logger:114 - Логгер настроен
2026-03-28 23:18:36 | INFO | __main__:<module>:1 - Test logging works
2026-03-28 23:18:54 | INFO | src.core.logging:setup_logger:144 - Логгер настроен
2026-03-28 23:18:54 | INFO | __main__:<module>:1 - Test logging works now
2026-03-28 23:18:58 | INFO | src.core.logging:setup_logger:144 - Логгер настроен
2026-03-28 23:19:11 | INFO | src.core.logging:setup_logger:144 - Логгер настроен
2026-03-28 23:19:25 | INFO | src.core.logging:setup_logger:144 - Логгер настроен
2026-03-28 23:19:36 | INFO | src.core.logging:setup_logger:144 - Логгер настроен
2026-03-28 23:20:18 | INFO | src.core.logging:setup_logger:144 - Логгер настроен
2026-03-28 23:21:02 | INFO | src.core.logging:setup_logger:144 - Логгер настроен
2026-03-28 23:21:09 | INFO | __main__:<module>:35 - Test message
2026-03-29 07:01:22 | INFO | src.core.logging:setup_logger:144 - Логгер настроен
2026-03-29 07:53:07 | INFO | src.core.logging:setup_logger:144 - Логгер настроен
2026-04-23 17:57:52 | INFO | src.core.logging:setup_logger:144 - Логгер настроен
2026-04-23 17:58:04 | INFO | processor.deduplicator:group_similar_articles:91 - Тема 'technology': 2 статей для возможного объединения
2026-04-23 17:58:05 | ERROR | publisher.footer_generator:_load_social_links:38 - Ошибка при загрузке конфигурации соцсетей: [Errno 2] No such file or directory: '/nonexistent/path.json'
2026-04-23 17:58:05 | INFO | vk_api_client:__init__:94 - VK API клиент инициализирован для группы 123456
2026-04-23 17:58:05 | INFO | vk_api_client:__init__:94 - VK API клиент инициализирован для группы 123456
2026-04-23 17:58:05 | SUCCESS | vk_api_client:post_to_wall:139 - Пост успешно опубликован. Post ID: 12345
2026-04-23 17:58:05 | INFO | vk_api_client:__init__:94 - VK API клиент инициализирован для группы 123456
2026-04-23 17:58:05 | SUCCESS | vk_api_client:post_to_wall:139 - Пост успешно опубликован. Post ID: 67890
2026-04-23 17:58:05 | INFO | vk_api_client:__init__:94 - VK API клиент инициализирован для группы 123456
2026-04-23 17:58:05 | ERROR | vk_api_client:post_to_wall:143 - Ошибка VK API при публикации: [6] Rate limit exceeded
2026-04-23 17:58:05 | ERROR | vk_api_client:post_to_wall:143 - Ошибка VK API при публикации: [6] Temporary error
2026-04-23 17:58:05 | SUCCESS | vk_api_client:post_to_wall:139 - Пост успешно опубликован. Post ID: 11111
2026-04-23 17:58:05 | INFO | vk_api_client:__init__:94 - VK API клиент инициализирован для группы 123456
2026-04-23 17:58:05 | ERROR | vk_api_client:post_to_wall:146 - Неизвестная ошибка при публикации: Network error
2026-04-23 17:58:05 | ERROR | vk_api_client:post_to_wall:146 - Неизвестная ошибка при публикации: Timeout
2026-04-23 17:58:05 | SUCCESS | vk_api_client:post_to_wall:139 - Пост успешно опубликован. Post ID: 22222
2026-04-23 17:58:05 | INFO | vk_api_client:__init__:94 - VK API клиент инициализирован для группы 123456
2026-04-23 17:58:05 | ERROR | vk_api_client:post_to_wall:143 - Ошибка VK API при публикации: [6] Permanent error
2026-04-23 17:58:05 | ERROR | vk_api_client:post_to_wall:143 - Ошибка VK API при публикации: [6] Permanent error
2026-04-23 17:58:05 | ERROR | vk_api_client:post_to_wall:143 - Ошибка VK API при публикации: [6] Permanent error
2026-04-23 17:58:05 | ERROR | vk_api_client:post_to_wall:143 - Ошибка VK API при публикации: [6] Permanent error
2026-04-23 17:58:05 | ERROR | vk_api_client:post_to_wall:143 - Ошибка VK API при публикации: [6] Permanent error
2026-04-23 17:58:05 | INFO | vk_api_client:__init__:94 - VK API клиент инициализирован для группы 123456
2026-04-23 17:58:05 | INFO | vk_api_client:upload_photo:177 - Фото загружено: photo123456_789012
2026-04-23 17:58:05 | INFO | vk_api_client:__init__:94 - VK API клиент инициализирован для группы 123456
2026-04-23 17:58:05 | ERROR | vk_api_client:upload_photo:182 - Ошибка при загрузке фото: Upload failed
2026-04-23 17:58:05 | INFO | vk_api_client:__init__:94 - VK API клиент инициализирован для группы 123456
2026-04-23 17:58:05 | INFO | vk_api_client:search_newsfeed:212 - Найдено 2 постов по запросу 'test query'
2026-04-23 17:58:05 | INFO | vk_api_client:__init__:94 - VK API клиент инициализирован для группы 123456
2026-04-23 17:58:05 | INFO | vk_api_client:search_newsfeed:212 - Найдено 0 постов по запросу 'empty query'
2026-04-23 17:58:05 | INFO | vk_api_client:__init__:94 - VK API клиент инициализирован для группы 123456
2026-04-23 17:58:05 | ERROR | vk_api_client:search_newsfeed:217 - Ошибка VK API при поиске: [6] Search error
2026-04-23 17:58:05 | INFO | vk_api_client:__init__:94 - VK API клиент инициализирован для группы 123456
2026-04-23 17:58:05 | INFO | vk_api_client:__init__:94 - VK API клиент инициализирован для группы 123456
2026-04-23 17:58:05 | INFO | vk_api_client:__init__:94 - VK API клиент инициализирован для группы 123456
2026-04-23 17:58:05 | ERROR | vk_api_client:get_group_info:245 - Ошибка при получении информации о группе: Group info error
2026-04-23 17:58:12 | INFO | src.core.logging:setup_logger:144 - Логгер настроен
2026-04-23 17:58:24 | INFO | processor.deduplicator:group_similar_articles:91 - Тема 'technology': 2 статей для возможного объединения
2026-04-23 17:58:24 | ERROR | publisher.footer_generator:_load_social_links:38 - Ошибка при загрузке конфигурации соцсетей: [Errno 2] No such file or directory: '/nonexistent/path.json'
2026-04-23 17:58:24 | INFO | vk_api_client:__init__:94 - VK API клиент инициализирован для группы 123456
2026-04-23 17:58:24 | INFO | vk_api_client:__init__:94 - VK API клиент инициализирован для группы 123456
2026-04-23 17:58:24 | SUCCESS | vk_api_client:post_to_wall:139 - Пост успешно опубликован. Post ID: 12345
2026-04-23 17:58:24 | INFO | vk_api_client:__init__:94 - VK API клиент инициализирован для группы 123456
2026-04-23 17:58:24 | SUCCESS | vk_api_client:post_to_wall:139 - Пост успешно опубликован. Post ID: 67890
2026-04-23 17:58:24 | INFO | vk_api_client:__init__:94 - VK API клиент инициализирован для группы 123456
2026-04-23 17:58:24 | ERROR | vk_api_client:post_to_wall:143 - Ошибка VK API при публикации: [6] Rate limit exceeded
2026-04-23 17:58:24 | ERROR | vk_api_client:post_to_wall:143 - Ошибка VK API при публикации: [6] Temporary error
2026-04-23 17:58:24 | SUCCESS | vk_api_client:post_to_wall:139 - Пост успешно опубликован. Post ID: 11111
2026-04-23 17:58:24 | INFO | vk_api_client:__init__:94 - VK API клиент инициализирован для группы 123456
2026-04-23 17:58:24 | ERROR | vk_api_client:post_to_wall:146 - Неизвестная ошибка при публикации: Network error
2026-04-23 17:58:24 | ERROR | vk_api_client:post_to_wall:146 - Неизвестная ошибка при публикации: Timeout
2026-04-23 17:58:24 | SUCCESS | vk_api_client:post_to_wall:139 - Пост успешно опубликован. Post ID: 22222
2026-04-23 17:58:24 | INFO | vk_api_client:__init__:94 - VK API клиент инициализирован для группы 123456
2026-04-23 17:58:24 | ERROR | vk_api_client:post_to_wall:143 - Ошибка VK API при публикации: [6] Permanent error
2026-04-23 17:58:24 | ERROR | vk_api_client:post_to_wall:143 - Ошибка VK API при публикации: [6] Permanent error
2026-04-23 17:58:24 | ERROR | vk_api_client:post_to_wall:143 - Ошибка VK API при публикации: [6] Permanent error
2026-04-23 17:58:24 | ERROR | vk_api_client:post_to_wall:143 - Ошибка VK API при публикации: [6] Permanent error
2026-04-23 17:58:24 | ERROR | vk_api_client:post_to_wall:143 - Ошибка VK API при публикации: [6] Permanent error
2026-04-23 17:58:24 | INFO | vk_api_client:__init__:94 - VK API клиент инициализирован для группы 123456
2026-04-23 17:58:24 | INFO | vk_api_client:upload_photo:177 - Фото загружено: photo123456_789012
2026-04-23 17:58:24 | INFO | vk_api_client:__init__:94 - VK API клиент инициализирован для группы 123456
2026-04-23 17:58:24 | ERROR | vk_api_client:upload_photo:182 - Ошибка при загрузке фото: Upload failed
2026-04-23 17:58:24 | INFO | vk_api_client:__init__:94 - VK API клиент инициализирован для группы 123456
2026-04-23 17:58:24 | INFO | vk_api_client:search_newsfeed:212 - Найдено 2 постов по запросу 'test query'
2026-04-23 17:58:24 | INFO | vk_api_client:__init__:94 - VK API клиент инициализирован для группы 123456
2026-04-23 17:58:24 | INFO | vk_api_client:search_newsfeed:212 - Найдено 0 постов по запросу 'empty query'
2026-04-23 17:58:24 | INFO | vk_api_client:__init__:94 - VK API клиент инициализирован для группы 123456
2026-04-23 17:58:25 | ERROR | vk_api_client:search_newsfeed:217 - Ошибка VK API при поиске: [6] Search error
2026-04-23 17:58:25 | INFO | vk_api_client:__init__:94 - VK API клиент инициализирован для группы 123456
2026-04-23 17:58:25 | INFO | vk_api_client:__init__:94 - VK API клиент инициализирован для группы 123456
2026-04-23 17:58:25 | INFO | vk_api_client:__init__:94 - VK API клиент инициализирован для группы 123456
2026-04-23 17:58:25 | ERROR | vk_api_client:get_group_info:245 - Ошибка при получении информации о группе: Group info error
